\BOOKMARK [1][-]{section.1}{\376\377\000I\000n\000t\000r\000o\000d\000u\000c\000t\000i\000o\000n}{}% 1
\BOOKMARK [1][-]{section.2}{\376\377\000P\000r\000e\000l\000i\000m\000i\000n\000a\000r\000i\000e\000s}{}% 2
\BOOKMARK [2][-]{subsection.2.1}{\376\377\000S\000u\000b\000m\000a\000n\000i\000f\000o\000l\000d\000s}{section.2}% 3
\BOOKMARK [2][-]{subsection.2.2}{\376\377\000D\000i\000s\000t\000r\000i\000b\000u\000t\000i\000o\000n\000s}{section.2}% 4
\BOOKMARK [2][-]{subsection.2.3}{\376\377\000E\000i\000g\000e\000n\000v\000a\000l\000u\000e\000s\000\040\000a\000n\000d\000\040\000W\000e\000i\000g\000h\000t\000s}{section.2}% 5
\BOOKMARK [1][-]{section.3}{\376\377\000L\000i\000e\000\040\000G\000r\000o\000u\000p\000s}{}% 6
\BOOKMARK [2][-]{subsection.3.1}{\376\377\000D\000e\000f\000i\000n\000i\000t\000i\000o\000n}{section.3}% 7
\BOOKMARK [2][-]{subsection.3.2}{\376\377\000E\000x\000a\000m\000p\000l\000e\000s}{section.3}% 8
\BOOKMARK [2][-]{subsection.3.3}{\376\377\000S\000u\000b\000g\000r\000o\000u\000p\000s}{section.3}% 9
\BOOKMARK [2][-]{subsection.3.4}{\376\377\000Q\000u\000o\000t\000i\000e\000n\000t\000s}{section.3}% 10
\BOOKMARK [2][-]{subsection.3.5}{\376\377\000C\000o\000v\000e\000r\000s}{section.3}% 11
\BOOKMARK [2][-]{subsection.3.6}{\376\377\000M\000a\000u\000e\000r\000-\000C\000a\000r\000t\000a\000n\000\040\000f\000o\000r\000m\000s}{section.3}% 12
\BOOKMARK [2][-]{subsection.3.7}{\376\377\000S\000i\000m\000p\000l\000e\000\040\000L\000i\000e\000\040\000g\000r\000o\000u\000p\000s}{section.3}% 13
\BOOKMARK [1][-]{section.4}{\376\377\000L\000i\000e\000\040\000a\000l\000g\000e\000b\000r\000a}{}% 14
\BOOKMARK [2][-]{subsection.4.1}{\376\377\000L\000i\000e\000\040\000B\000r\000a\000c\000k\000e\000t}{section.4}% 15
\BOOKMARK [2][-]{subsection.4.2}{\376\377\000E\000x\000a\000m\000p\000l\000e\000s}{section.4}% 16
\BOOKMARK [2][-]{subsection.4.3}{\376\377\000C\000o\000r\000r\000e\000s\000p\000o\000n\000d\000e\000n\000c\000e\000s}{section.4}% 17
\BOOKMARK [2][-]{subsection.4.4}{\376\377\000A\000d\000o\000'\000s\000\040\000t\000h\000e\000o\000r\000e\000m}{section.4}% 18
\BOOKMARK [1][-]{section.5}{\376\377\000C\000l\000a\000s\000s\000i\000f\000i\000c\000a\000t\000i\000o\000n\000\040\000o\000f\000\040\000L\000i\000e\000\040\000a\000l\000g\000e\000b\000r\000a\000s}{}% 19
\BOOKMARK [2][-]{subsection.5.1}{\376\377\000C\000a\000r\000t\000a\000n\000\040\000s\000u\000b\000a\000l\000g\000e\000b\000r\000a}{section.5}% 20
